# JRE version: Java(TM) SE Runtime Environment (8.0_66-b18) (build 1.8.0_66-b18)
# Java VM: Java HotSpot(TM) Client VM (25.66-b18 mixed mode windows-x86 )
Heap:
 def new generation   total 21248K, used 12962K [0x05000000, 0x06700000, 0x0a550000)
  eden space 18944K,  56% used [0x05000000, 0x05a68980, 0x06280000)
  from space 2304K, 100% used [0x06280000, 0x064c0000, 0x064c0000)
  to   space 2304K,   0% used [0x064c0000, 0x064c0000, 0x06700000)
 tenured generation   total 47020K, used 35847K [0x0a550000, 0x0d33b000, 0x15000000)
   the space 47020K,  76% used [0x0a550000, 0x0c851c08, 0x0c851e00, 0x0d33b000)
 Metaspace       used 2095K, capacity 2280K, committed 2368K, reserved 4480K
GC Heap History (10 events):
Event: 0.515 GC heap before
{Heap before GC invocations=5 (full 1):
 def new generation   total 11456K, used 11456K [0x05000000, 0x05c60000, 0x0a550000)
  eden space 10240K, 100% used [0x05000000, 0x05a00000, 0x05a00000)
  from space 1216K, 100% used [0x05b30000, 0x05c60000, 0x05c60000)
  to   space 1216K,   0% used [0x05a00000, 0x05a00000, 0x05b30000)
 tenured generation   total 25320K, used 21993K [0x0a550000, 0x0be0a000, 0x15000000)
   the space 25320K,  86% used [0x0a550000, 0x0baca750, 0x0baca800, 0x0be0a000)
 Metaspace       used 2068K, capacity 2280K, committed 2368K, reserved 4480K
Event: 0.581 GC heap after
Heap after GC invocations=6 (full 2):
 def new generation   total 21248K, used 1215K [0x05000000, 0x06700000, 0x0a550000)
  eden space 18944K,   6% used [0x05000000, 0x0512ffd0, 0x06280000)
  from space 2304K,   0% used [0x06280000, 0x06280000, 0x064c0000)
  to   space 2304K,   0% used [0x064c0000, 0x064c0000, 0x06700000)
 tenured generation   total 47020K, used 28211K [0x0a550000, 0x0d33b000, 0x15000000)
   the space 47020K,  59% used [0x0a550000, 0x0c0dceb8, 0x0c0dd000, 0x0d33b000)
 Metaspace       used 2068K, capacity 2280K, committed 2368K, reserved 4480K
}
Event: 0.621 GC heap before
{Heap before GC invocations=6 (full 2):
 def new generation   total 21248K, used 18944K [0x05000000, 0x06700000, 0x0a550000)
  eden space 18944K, 100% used [0x05000000, 0x06280000, 0x06280000)
  from space 2304K,   0% used [0x06280000, 0x06280000, 0x064c0000)
  to   space 2304K,   0% used [0x064c0000, 0x064c0000, 0x06700000)
 tenured generation   total 47020K, used 28211K [0x0a550000, 0x0d33b000, 0x15000000)
   the space 47020K,  59% used [0x0a550000, 0x0c0dceb8, 0x0c0dd000, 0x0d33b000)
 Metaspace       used 2068K, capacity 2280K, committed 2368K, reserved 4480K
Event: 0.667 GC heap after
Heap after GC invocations=7 (full 2):
 def new generation   total 21248K, used 2303K [0x05000000, 0x06700000, 0x0a550000)
  eden space 18944K,   0% used [0x05000000, 0x05000000, 0x06280000)
  from space 2304K,  99% used [0x064c0000, 0x066ffff8, 0x06700000)
  to   space 2304K,   0% used [0x06280000, 0x06280000, 0x064c0000)
 tenured generation   total 47020K, used 37732K [0x0a550000, 0x0d33b000, 0x15000000)
   the space 47020K,  80% used [0x0a550000, 0x0ca29378, 0x0ca29400, 0x0d33b000)
 Metaspace       used 2068K, capacity 2280K, committed 2368K, reserved 4480K
}
Event: 0.748 GC heap before
{Heap before GC invocations=7 (full 2):
 def new generation   total 21248K, used 21247K [0x05000000, 0x06700000, 0x0a550000)
  eden space 18944K, 100% used [0x05000000, 0x06280000, 0x06280000)
  from space 2304K,  99% used [0x064c0000, 0x066ffff8, 0x06700000)
  to   space 2304K,   0% used [0x06280000, 0x06280000, 0x064c0000)
 tenured generation   total 47020K, used 37732K [0x0a550000, 0x0d33b000, 0x15000000)
   the space 47020K,  80% used [0x0a550000, 0x0ca29378, 0x0ca29400, 0x0d33b000)
 Metaspace       used 2080K, capacity 2280K, committed 2368K, reserved 4480K
Event: 0.802 GC heap after
Heap after GC invocations=8 (full 3):
 def new generation   total 21248K, used 0K [0x05000000, 0x06700000, 0x0a550000)
  eden space 18944K,   0% used [0x05000000, 0x05000000, 0x06280000)
  from space 2304K,   0% used [0x06280000, 0x06280000, 0x064c0000)
  to   space 2304K,   0% used [0x064c0000, 0x064c0000, 0x06700000)
 tenured generation   total 47020K, used 12156K [0x0a550000, 0x0d33b000, 0x15000000)
   the space 47020K,  25% used [0x0a550000, 0x0b12f038, 0x0b12f200, 0x0d33b000)
 Metaspace       used 2080K, capacity 2280K, committed 2368K, reserved 4480K
}
Event: 0.855 GC heap before
{Heap before GC invocations=8 (full 3):
 def new generation   total 21248K, used 18944K [0x05000000, 0x06700000, 0x0a550000)
  eden space 18944K, 100% used [0x05000000, 0x06280000, 0x06280000)
  from space 2304K,   0% used [0x06280000, 0x06280000, 0x064c0000)
  to   space 2304K,   0% used [0x064c0000, 0x064c0000, 0x06700000)
 tenured generation   total 47020K, used 12156K [0x0a550000, 0x0d33b000, 0x15000000)
   the space 47020K,  25% used [0x0a550000, 0x0b12f038, 0x0b12f200, 0x0d33b000)
 Metaspace       used 2080K, capacity 2280K, committed 2368K, reserved 4480K
Event: 0.874 GC heap after
Heap after GC invocations=9 (full 3):
 def new generation   total 21248K, used 2304K [0x05000000, 0x06700000, 0x0a550000)
  eden space 18944K,   0% used [0x05000000, 0x05000000, 0x06280000)
  from space 2304K, 100% used [0x064c0000, 0x06700000, 0x06700000)
  to   space 2304K,   0% used [0x06280000, 0x06280000, 0x064c0000)
 tenured generation   total 47020K, used 24317K [0x0a550000, 0x0d33b000, 0x15000000)
   the space 47020K,  51% used [0x0a550000, 0x0bd0f5e0, 0x0bd0f600, 0x0d33b000)
 Metaspace       used 2080K, capacity 2280K, committed 2368K, reserved 4480K
}
Event: 0.915 GC heap before
{Heap before GC invocations=9 (full 3):
 def new generation   total 21248K, used 21248K [0x05000000, 0x06700000, 0x0a550000)
  eden space 18944K, 100% used [0x05000000, 0x06280000, 0x06280000)
  from space 2304K, 100% used [0x064c0000, 0x06700000, 0x06700000)
  to   space 2304K,   0% used [0x06280000, 0x06280000, 0x064c0000)
 tenured generation   total 47020K, used 24317K [0x0a550000, 0x0d33b000, 0x15000000)
   the space 47020K,  51% used [0x0a550000, 0x0bd0f5e0, 0x0bd0f600, 0x0d33b000)
 Metaspace       used 2080K, capacity 2280K, committed 2368K, reserved 4480K
Event: 0.942 GC heap after
Heap after GC invocations=10 (full 3):
 def new generation   total 21248K, used 2304K [0x05000000, 0x06700000, 0x0a550000)
  eden space 18944K,   0% used [0x05000000, 0x05000000, 0x06280000)
  from space 2304K, 100% used [0x06280000, 0x064c0000, 0x064c0000)
  to   space 2304K,   0% used [0x064c0000, 0x064c0000, 0x06700000)
 tenured generation   total 47020K, used 35847K [0x0a550000, 0x0d33b000, 0x15000000)
   the space 47020K,  76% used [0x0a550000, 0x0c851c08, 0x0c851e00, 0x0d33b000)
 Metaspace       used 2080K, capacity 2280K, committed 2368K, reserved 4480K
}

